[${project.name}][${env:SERVER_PORT}] 2022-06-27 23:27:55,092 ERROR [http-nio-57010-exec-8][GlobalExceptionHandler.java:41] - 系统异常：
org.apache.dubbo.rpc.RpcException: Failed to invoke the method queryPayChannelParamByAppAndPlatform in the service com.shanjupay.transaction.api.PayChannelService. Tried 1 times of the providers [192.168.56.1:20893] (1/1) from the registry localhost:9090 on the consumer 192.168.0.154 using the dubbo version 2.7.3. Last error is: Invoke remote method timeout. method: queryPayChannelParamByAppAndPlatform, provider: dubbo://192.168.56.1:20893/com.shanjupay.transaction.api.PayChannelService?anyhost=true&application=merchant-application&bean.name=ServiceBean:com.shanjupay.transaction.api.PayChannelService&check=false&deprecated=false&dubbo=2.0.2&dynamic=true&generic=false&interface=com.shanjupay.transaction.api.PayChannelService&lazy=false&methods=queryPayChannelParamByAppAndPlatform,queryParamByAppPlatformAndPayChannel,queryPlatformChannel,bindPlatformChannelForApp,queryAppBindPlatformChannel,queryPayChannelByPlatformChannel,savePayChannelParam&pid=28016&qos.enable=false&qos.port=22310&register=true&register.ip=192.168.0.154&release=2.7.3&remote.application=transaction-service&retries=-1&side=consumer&sticky=false&timeout=3000&timestamp=1656343280965, cause: org.apache.dubbo.remoting.TimeoutException: Waiting server-side response timeout by scan timer. start time: 2022-06-27 23:27:52.046, end time: 2022-06-27 23:27:55.085, client elapsed: 0 ms, server elapsed: 3039 ms, timeout: 3000 ms, request: Request [id=34, version=2.0.2, twoway=true, event=false, broken=false, data=RpcInvocation [methodName=queryPayChannelParamByAppAndPlatform, parameterTypes=[class java.lang.String, class java.lang.String], arguments=[96a90e40-b122-45aa-b0dc-9b6ee4934b78, shanju_c2b], attachments={path=com.shanjupay.transaction.api.PayChannelService, interface=com.shanjupay.transaction.api.PayChannelService, version=0.0.0, timeout=3000}]], channel: /192.168.56.1:1503 -> /192.168.56.1:20893
	at org.apache.dubbo.rpc.cluster.support.FailoverClusterInvoker.doInvoke(FailoverClusterInvoker.java:113)
	at org.apache.dubbo.rpc.cluster.support.AbstractClusterInvoker.invoke(AbstractClusterInvoker.java:248)
	at org.apache.dubbo.rpc.cluster.support.wrapper.MockClusterInvoker.invoke(MockClusterInvoker.java:78)
	at org.apache.dubbo.rpc.cluster.support.RegistryAwareClusterInvoker.doInvoke(RegistryAwareClusterInvoker.java:56)
	at org.apache.dubbo.rpc.cluster.support.AbstractClusterInvoker.invoke(AbstractClusterInvoker.java:248)
	at org.apache.dubbo.rpc.cluster.support.wrapper.MockClusterInvoker.invoke(MockClusterInvoker.java:78)
	at org.apache.dubbo.rpc.proxy.InvokerInvocationHandler.invoke(InvokerInvocationHandler.java:55)
	at org.apache.dubbo.common.bytecode.proxy4.queryPayChannelParamByAppAndPlatform(proxy4.java)
	at sun.reflect.NativeMethodAccessorImpl.invoke0(Native Method)
	at sun.reflect.NativeMethodAccessorImpl.invoke(NativeMethodAccessorImpl.java:62)
	at sun.reflect.DelegatingMethodAccessorImpl.invoke(DelegatingMethodAccessorImpl.java:43)
	at java.lang.reflect.Method.invoke(Method.java:498)
	at org.apache.dubbo.config.spring.beans.factory.annotation.ReferenceAnnotationBeanPostProcessor$ReferenceBeanInvocationHandler.invoke(ReferenceAnnotationBeanPostProcessor.java:260)
	at com.sun.proxy.$Proxy149.queryPayChannelParamByAppAndPlatform(Unknown Source)
	at com.shanjupay.merchant.controller.PlatformParamController.queryPayChannelParam(PlatformParamController.java:90)
	at sun.reflect.NativeMethodAccessorImpl.invoke0(Native Method)
	at sun.reflect.NativeMethodAccessorImpl.invoke(NativeMethodAccessorImpl.java:62)
	at sun.reflect.DelegatingMethodAccessorImpl.invoke(DelegatingMethodAccessorImpl.java:43)
	at java.lang.reflect.Method.invoke(Method.java:498)
	at org.springframework.web.method.support.InvocableHandlerMethod.doInvoke(InvocableHandlerMethod.java:189)
	at org.springframework.web.method.support.InvocableHandlerMethod.invokeForRequest(InvocableHandlerMethod.java:138)
	at org.springframework.web.servlet.mvc.method.annotation.ServletInvocableHandlerMethod.invokeAndHandle(ServletInvocableHandlerMethod.java:102)
	at org.springframework.web.servlet.mvc.method.annotation.RequestMappingHandlerAdapter.invokeHandlerMethod(RequestMappingHandlerAdapter.java:895)
	at org.springframework.web.servlet.mvc.method.annotation.RequestMappingHandlerAdapter.handleInternal(RequestMappingHandlerAdapter.java:800)
	at org.springframework.web.servlet.mvc.method.AbstractHandlerMethodAdapter.handle(AbstractHandlerMethodAdapter.java:87)
	at org.springframework.web.servlet.DispatcherServlet.doDispatch(DispatcherServlet.java:1038)
	at org.springframework.web.servlet.DispatcherServlet.doService(DispatcherServlet.java:942)
	at org.springframework.web.servlet.FrameworkServlet.processRequest(FrameworkServlet.java:1005)
	at org.springframework.web.servlet.FrameworkServlet.doGet(FrameworkServlet.java:897)
	at javax.servlet.http.HttpServlet.service(HttpServlet.java:634)
	at org.springframework.web.servlet.FrameworkServlet.service(FrameworkServlet.java:882)
	at javax.servlet.http.HttpServlet.service(HttpServlet.java:741)
	at org.apache.catalina.core.ApplicationFilterChain.internalDoFilter(ApplicationFilterChain.java:231)
	at org.apache.catalina.core.ApplicationFilterChain.doFilter(ApplicationFilterChain.java:166)
	at org.apache.tomcat.websocket.server.WsFilter.doFilter(WsFilter.java:53)
	at org.apache.catalina.core.ApplicationFilterChain.internalDoFilter(ApplicationFilterChain.java:193)
	at org.apache.catalina.core.ApplicationFilterChain.doFilter(ApplicationFilterChain.java:166)
	at org.springframework.boot.actuate.web.trace.servlet.HttpTraceFilter.doFilterInternal(HttpTraceFilter.java:90)
	at org.springframework.web.filter.OncePerRequestFilter.doFilter(OncePerRequestFilter.java:107)
	at org.apache.catalina.core.ApplicationFilterChain.internalDoFilter(ApplicationFilterChain.java:193)
	at org.apache.catalina.core.ApplicationFilterChain.doFilter(ApplicationFilterChain.java:166)
	at org.springframework.web.filter.RequestContextFilter.doFilterInternal(RequestContextFilter.java:99)
	at org.springframework.web.filter.OncePerRequestFilter.doFilter(OncePerRequestFilter.java:107)
	at org.apache.catalina.core.ApplicationFilterChain.internalDoFilter(ApplicationFilterChain.java:193)
	at org.apache.catalina.core.ApplicationFilterChain.doFilter(ApplicationFilterChain.java:166)
	at org.springframework.web.filter.FormContentFilter.doFilterInternal(FormContentFilter.java:92)
	at org.springframework.web.filter.OncePerRequestFilter.doFilter(OncePerRequestFilter.java:107)
	at org.apache.catalina.core.ApplicationFilterChain.internalDoFilter(ApplicationFilterChain.java:193)
	at org.apache.catalina.core.ApplicationFilterChain.doFilter(ApplicationFilterChain.java:166)
	at org.springframework.web.filter.HiddenHttpMethodFilter.doFilterInternal(HiddenHttpMethodFilter.java:93)
	at org.springframework.web.filter.OncePerRequestFilter.doFilter(OncePerRequestFilter.java:107)
	at org.apache.catalina.core.ApplicationFilterChain.internalDoFilter(ApplicationFilterChain.java:193)
	at org.apache.catalina.core.ApplicationFilterChain.doFilter(ApplicationFilterChain.java:166)
	at org.springframework.boot.actuate.metrics.web.servlet.WebMvcMetricsFilter.filterAndRecordMetrics(WebMvcMetricsFilter.java:117)
	at org.springframework.boot.actuate.metrics.web.servlet.WebMvcMetricsFilter.doFilterInternal(WebMvcMetricsFilter.java:106)
	at org.springframework.web.filter.OncePerRequestFilter.doFilter(OncePerRequestFilter.java:107)
	at org.apache.catalina.core.ApplicationFilterChain.internalDoFilter(ApplicationFilterChain.java:193)
	at org.apache.catalina.core.ApplicationFilterChain.doFilter(ApplicationFilterChain.java:166)
	at org.springframework.web.filter.CharacterEncodingFilter.doFilterInternal(CharacterEncodingFilter.java:200)
	at org.springframework.web.filter.OncePerRequestFilter.doFilter(OncePerRequestFilter.java:107)
	at org.apache.catalina.core.ApplicationFilterChain.internalDoFilter(ApplicationFilterChain.java:193)
	at org.apache.catalina.core.ApplicationFilterChain.doFilter(ApplicationFilterChain.java:166)
	at org.apache.catalina.core.StandardWrapperValve.invoke(StandardWrapperValve.java:200)
	at org.apache.catalina.core.StandardContextValve.invoke(StandardContextValve.java:96)
	at org.apache.catalina.authenticator.AuthenticatorBase.invoke(AuthenticatorBase.java:490)
	at org.apache.catalina.core.StandardHostValve.invoke(StandardHostValve.java:139)
	at org.apache.catalina.valves.ErrorReportValve.invoke(ErrorReportValve.java:92)
	at org.apache.catalina.core.StandardEngineValve.invoke(StandardEngineValve.java:74)
	at org.apache.catalina.valves.RemoteIpValve.invoke(RemoteIpValve.java:679)
	at org.apache.catalina.connector.CoyoteAdapter.service(CoyoteAdapter.java:343)
	at org.apache.coyote.http11.Http11Processor.service(Http11Processor.java:408)
	at org.apache.coyote.AbstractProcessorLight.process(AbstractProcessorLight.java:66)
	at org.apache.coyote.AbstractProtocol$ConnectionHandler.process(AbstractProtocol.java:834)
	at org.apache.tomcat.util.net.NioEndpoint$SocketProcessor.doRun(NioEndpoint.java:1415)
	at org.apache.tomcat.util.net.SocketProcessorBase.run(SocketProcessorBase.java:49)
	at java.util.concurrent.ThreadPoolExecutor.runWorker(ThreadPoolExecutor.java:1142)
	at java.util.concurrent.ThreadPoolExecutor$Worker.run(ThreadPoolExecutor.java:617)
	at org.apache.tomcat.util.threads.TaskThread$WrappingRunnable.run(TaskThread.java:61)
	at java.lang.Thread.run(Thread.java:748)
Caused by: java.util.concurrent.ExecutionException: org.apache.dubbo.remoting.TimeoutException: Waiting server-side response timeout by scan timer. start time: 2022-06-27 23:27:52.046, end time: 2022-06-27 23:27:55.085, client elapsed: 0 ms, server elapsed: 3039 ms, timeout: 3000 ms, request: Request [id=34, version=2.0.2, twoway=true, event=false, broken=false, data=RpcInvocation [methodName=queryPayChannelParamByAppAndPlatform, parameterTypes=[class java.lang.String, class java.lang.String], arguments=[96a90e40-b122-45aa-b0dc-9b6ee4934b78, shanju_c2b], attachments={path=com.shanjupay.transaction.api.PayChannelService, interface=com.shanjupay.transaction.api.PayChannelService, version=0.0.0, timeout=3000}]], channel: /192.168.56.1:1503 -> /192.168.56.1:20893
	at java.util.concurrent.CompletableFuture.reportGet(CompletableFuture.java:357)
	at java.util.concurrent.CompletableFuture.get(CompletableFuture.java:1915)
	at org.apache.dubbo.rpc.protocol.AsyncToSyncInvoker.invoke(AsyncToSyncInvoker.java:56)
	at org.apache.dubbo.monitor.support.MonitorFilter.invoke(MonitorFilter.java:92)
	at org.apache.dubbo.rpc.protocol.ProtocolFilterWrapper$1.invoke(ProtocolFilterWrapper.java:82)
	at org.apache.dubbo.rpc.protocol.dubbo.filter.FutureFilter.invoke(FutureFilter.java:54)
	at org.apache.dubbo.rpc.protocol.ProtocolFilterWrapper$1.invoke(ProtocolFilterWrapper.java:82)
	at org.apache.dubbo.rpc.filter.ConsumerContextFilter.invoke(ConsumerContextFilter.java:58)
	at org.apache.dubbo.rpc.protocol.ProtocolFilterWrapper$1.invoke(ProtocolFilterWrapper.java:82)
	at org.apache.dubbo.rpc.protocol.ProtocolFilterWrapper$CallbackRegistrationInvoker.invoke(ProtocolFilterWrapper.java:157)
	at org.apache.dubbo.rpc.listener.ListenerInvokerWrapper.invoke(ListenerInvokerWrapper.java:78)
	at org.apache.dubbo.rpc.protocol.InvokerWrapper.invoke(InvokerWrapper.java:56)
	at org.apache.dubbo.rpc.cluster.support.FailoverClusterInvoker.doInvoke(FailoverClusterInvoker.java:82)
	... 78 more
Caused by: org.apache.dubbo.remoting.TimeoutException: Waiting server-side response timeout by scan timer. start time: 2022-06-27 23:27:52.046, end time: 2022-06-27 23:27:55.085, client elapsed: 0 ms, server elapsed: 3039 ms, timeout: 3000 ms, request: Request [id=34, version=2.0.2, twoway=true, event=false, broken=false, data=RpcInvocation [methodName=queryPayChannelParamByAppAndPlatform, parameterTypes=[class java.lang.String, class java.lang.String], arguments=[96a90e40-b122-45aa-b0dc-9b6ee4934b78, shanju_c2b], attachments={path=com.shanjupay.transaction.api.PayChannelService, interface=com.shanjupay.transaction.api.PayChannelService, version=0.0.0, timeout=3000}]], channel: /192.168.56.1:1503 -> /192.168.56.1:20893
	at org.apache.dubbo.remoting.exchange.support.DefaultFuture.doReceived(DefaultFuture.java:189)
	at org.apache.dubbo.remoting.exchange.support.DefaultFuture.received(DefaultFuture.java:153)
	at org.apache.dubbo.remoting.exchange.support.DefaultFuture$TimeoutCheckTask.run(DefaultFuture.java:252)
	at org.apache.dubbo.common.timer.HashedWheelTimer$HashedWheelTimeout.expire(HashedWheelTimer.java:648)
	at org.apache.dubbo.common.timer.HashedWheelTimer$HashedWheelBucket.expireTimeouts(HashedWheelTimer.java:727)
	at org.apache.dubbo.common.timer.HashedWheelTimer$Worker.run(HashedWheelTimer.java:449)
	... 1 more
